<?xml version="1.0" encoding="UTF-8"?>
<testsuite name="TestSuite" time="2.22" tests="2" errors="0" skipped="0" failures="1">
  <properties>
[...]
</properties>
  <testcase name="loginIntoEshop" classname="testcases.LoginTest" time="0.682"/>
  <testcase name="registerIntoEshop" classname="testcases.LoginTest" time="1.538">
    <failure message="Cannot find elements when the XPath is null." type="java.lang.IllegalArgumentException"><![CDATA[java.lang.IllegalArgumentException: Cannot find elements when the XPath is null.
	at org.openqa.selenium.internal.Require$ArgumentChecker.nonNull(Require.java:92)
	at org.openqa.selenium.By$ByXPath.<init>(By.java:287)
	at org.openqa.selenium.By.xpath(By.java:89)
	at testcases.LoginTest.registerIntoEshop(LoginTest.java:33)
]]></failure>
    <system-out><![CDATA[Login successfuly executed
Capturing Screenshot for the failedregisterIntoEshopmethod
]]></system-out>
  </testcase>
</testsuite>